# JRE version: OpenJDK Runtime Environment (11.0.15) (build 11.0.15+0-b2043.56-9505619)
# Java VM: OpenJDK 64-Bit Server VM (11.0.15+0-b2043.56-9505619, mixed mode, tiered, compressed oops, g1 gc, windows-amd64)
Heap:
 garbage-first heap   total 253952K, used 172216K [0x0000000080000000, 0x0000000100000000)
  region size 1024K, 17 young (17408K), 5 survivors (5120K)
 Metaspace       used 143490K, capacity 147776K, committed 147932K, reserved 1177600K
  class space    used 18440K, capacity 20089K, committed 20120K, reserved 1048576K
GC Heap History (20 events):
Event: 48.927 GC heap before
{Heap before GC invocations=84 (full 0):
 garbage-first heap   total 253952K, used 165072K [0x0000000080000000, 0x0000000100000000)
  region size 1024K, 27 young (27648K), 4 survivors (4096K)
 Metaspace       used 129448K, capacity 132967K, committed 133340K, reserved 1165312K
  class space    used 16319K, capacity 17683K, committed 17816K, reserved 1048576K
}
Event: 48.939 GC heap after
{Heap after GC invocations=85 (full 0):
 garbage-first heap   total 253952K, used 146432K [0x0000000080000000, 0x0000000100000000)
  region size 1024K, 7 young (7168K), 7 survivors (7168K)
 Metaspace       used 129448K, capacity 132967K, committed 133340K, reserved 1165312K
  class space    used 16319K, capacity 17683K, committed 17816K, reserved 1048576K
}
Event: 49.364 GC heap before
{Heap before GC invocations=86 (full 0):
 garbage-first heap   total 253952K, used 197632K [0x0000000080000000, 0x0000000100000000)
  region size 1024K, 56 young (57344K), 7 survivors (7168K)
 Metaspace       used 130583K, capacity 134159K, committed 134492K, reserved 1165312K
  class space    used 16472K, capacity 17847K, committed 17944K, reserved 1048576K
}
Event: 49.369 GC heap after
{Heap after GC invocations=87 (full 0):
 garbage-first heap   total 253952K, used 148418K [0x0000000080000000, 0x0000000100000000)
  region size 1024K, 3 young (3072K), 3 survivors (3072K)
 Metaspace       used 130583K, capacity 134159K, committed 134492K, reserved 1165312K
  class space    used 16472K, capacity 17847K, committed 17944K, reserved 1048576K
}
Event: 49.538 GC heap before
{Heap before GC invocations=87 (full 0):
 garbage-first heap   total 253952K, used 198594K [0x0000000080000000, 0x0000000100000000)
  region size 1024K, 53 young (54272K), 3 survivors (3072K)
 Metaspace       used 130656K, capacity 134232K, committed 134492K, reserved 1165312K
  class space    used 16473K, capacity 17847K, committed 17944K, reserved 1048576K
}
Event: 49.543 GC heap after
{Heap after GC invocations=88 (full 0):
 garbage-first heap   total 253952K, used 149625K [0x0000000080000000, 0x0000000100000000)
  region size 1024K, 4 young (4096K), 4 survivors (4096K)
 Metaspace       used 130656K, capacity 134232K, committed 134492K, reserved 1165312K
  class space    used 16473K, capacity 17847K, committed 17944K, reserved 1048576K
}
Event: 51.339 GC heap before
{Heap before GC invocations=89 (full 0):
 garbage-first heap   total 253952K, used 203897K [0x0000000080000000, 0x0000000100000000)
  region size 1024K, 56 young (57344K), 4 survivors (4096K)
 Metaspace       used 129703K, capacity 133206K, committed 134492K, reserved 1165312K
  class space    used 16408K, capacity 17763K, committed 17944K, reserved 1048576K
}
Event: 51.344 GC heap after
{Heap after GC invocations=90 (full 0):
 garbage-first heap   total 253952K, used 155090K [0x0000000080000000, 0x0000000100000000)
  region size 1024K, 6 young (6144K), 6 survivors (6144K)
 Metaspace       used 129703K, capacity 133206K, committed 134492K, reserved 1165312K
  class space    used 16408K, capacity 17763K, committed 17944K, reserved 1048576K
}
Event: 51.451 GC heap before
{Heap before GC invocations=90 (full 0):
 garbage-first heap   total 253952K, used 160210K [0x0000000080000000, 0x0000000100000000)
  region size 1024K, 12 young (12288K), 6 survivors (6144K)
 Metaspace       used 131278K, capacity 134887K, committed 135132K, reserved 1167360K
  class space    used 16615K, capacity 18029K, committed 18072K, reserved 1048576K
}
Event: 51.455 GC heap after
{Heap after GC invocations=91 (full 0):
 garbage-first heap   total 253952K, used 152961K [0x0000000080000000, 0x0000000100000000)
  region size 1024K, 1 young (1024K), 1 survivors (1024K)
 Metaspace       used 131278K, capacity 134887K, committed 135132K, reserved 1167360K
  class space    used 16615K, capacity 18029K, committed 18072K, reserved 1048576K
}
Event: 52.585 GC heap before
{Heap before GC invocations=91 (full 0):
 garbage-first heap   total 253952K, used 205185K [0x0000000080000000, 0x0000000100000000)
  region size 1024K, 53 young (54272K), 1 survivors (1024K)
 Metaspace       used 141148K, capacity 145246K, committed 145500K, reserved 1175552K
  class space    used 18234K, capacity 19858K, committed 19992K, reserved 1048576K
}
Event: 52.590 GC heap after
{Heap after GC invocations=92 (full 0):
 garbage-first heap   total 253952K, used 154303K [0x0000000080000000, 0x0000000100000000)
  region size 1024K, 3 young (3072K), 3 survivors (3072K)
 Metaspace       used 141148K, capacity 145246K, committed 145500K, reserved 1175552K
  class space    used 18234K, capacity 19858K, committed 19992K, reserved 1048576K
}
Event: 52.885 GC heap before
{Heap before GC invocations=93 (full 0):
 garbage-first heap   total 253952K, used 185023K [0x0000000080000000, 0x0000000100000000)
  region size 1024K, 7 young (7168K), 3 survivors (3072K)
 Metaspace       used 141280K, capacity 145296K, committed 145756K, reserved 1175552K
  class space    used 18237K, capacity 19849K, committed 19992K, reserved 1048576K
}
Event: 52.890 GC heap after
{Heap after GC invocations=94 (full 0):
 garbage-first heap   total 253952K, used 159030K [0x0000000080000000, 0x0000000100000000)
  region size 1024K, 3 young (3072K), 3 survivors (3072K)
 Metaspace       used 141280K, capacity 145296K, committed 145756K, reserved 1175552K
  class space    used 18237K, capacity 19849K, committed 19992K, reserved 1048576K
}
Event: 58.896 GC heap before
{Heap before GC invocations=95 (full 0):
 garbage-first heap   total 253952K, used 214326K [0x0000000080000000, 0x0000000100000000)
  region size 1024K, 54 young (55296K), 3 survivors (3072K)
 Metaspace       used 142693K, capacity 146796K, committed 146908K, reserved 1175552K
  class space    used 18401K, capacity 20025K, committed 20120K, reserved 1048576K
}
Event: 58.903 GC heap after
{Heap after GC invocations=96 (full 0):
 garbage-first heap   total 253952K, used 153079K [0x0000000080000000, 0x0000000100000000)
  region size 1024K, 7 young (7168K), 7 survivors (7168K)
 Metaspace       used 142693K, capacity 146796K, committed 146908K, reserved 1175552K
  class space    used 18401K, capacity 20025K, committed 20120K, reserved 1048576K
}
Event: 61.058 GC heap before
{Heap before GC invocations=96 (full 0):
 garbage-first heap   total 253952K, used 207351K [0x0000000080000000, 0x0000000100000000)
  region size 1024K, 61 young (62464K), 7 survivors (7168K)
 Metaspace       used 143088K, capacity 147282K, committed 147420K, reserved 1177600K
  class space    used 18413K, capacity 20047K, committed 20120K, reserved 1048576K
}
Event: 61.086 GC heap after
{Heap after GC invocations=97 (full 0):
 garbage-first heap   total 253952K, used 158251K [0x0000000080000000, 0x0000000100000000)
  region size 1024K, 6 young (6144K), 6 survivors (6144K)
 Metaspace       used 143088K, capacity 147282K, committed 147420K, reserved 1177600K
  class space    used 18413K, capacity 20047K, committed 20120K, reserved 1048576K
}
Event: 233.272 GC heap before
{Heap before GC invocations=97 (full 0):
 garbage-first heap   total 253952K, used 209451K [0x0000000080000000, 0x0000000100000000)
  region size 1024K, 57 young (58368K), 6 survivors (6144K)
 Metaspace       used 143461K, capacity 147708K, committed 147932K, reserved 1177600K
  class space    used 18440K, capacity 20089K, committed 20120K, reserved 1048576K
}
Event: 233.342 GC heap after
{Heap after GC invocations=98 (full 0):
 garbage-first heap   total 253952K, used 161976K [0x0000000080000000, 0x0000000100000000)
  region size 1024K, 5 young (5120K), 5 survivors (5120K)
 Metaspace       used 143461K, capacity 147708K, committed 147932K, reserved 1177600K
  class space    used 18440K, capacity 20089K, committed 20120K, reserved 1048576K
}

